<?xml version="1.0" encoding="UTF-8"?>
<!-- Generated by org.testng.reporters.JUnitXMLReporter -->
<testsuite ignored="0" hostname="DESKTOP-RVJV18D" failures="1" tests="60" name="Test" time="143.468" errors="0" timestamp="2023-09-11T22:50:24 IST">
  <testcase classname="com.qe.project.testcases.Sign_InTest" name="loginTest" time="3.571"/>
  <testcase classname="com.qe.project.testcases.warehouseBCL_Test" name="clickOnDispositionlinkTest" time="5.181"/>
  <testcase classname="com.qe.project.testcases.warehouseBCL_Test" name="clickBCL" time="4.766"/>
  <testcase classname="com.qe.project.testcases.warehouseBCL_Test" name="brandCallLogFilter" time="1.128"/>
  <testcase classname="com.qe.project.testcases.warehouseBCL_Test" name="brandFieldFilter" time="4.681"/>
  <testcase classname="com.qe.project.testcases.warehouseBCL_Test" name="brandApplyFilter" time="2.3"/>
  <testcase classname="com.qe.project.testcases.warehouseBCL_Test" name="selectBCLItem" time="1.137"/>
  <testcase classname="com.qe.project.testcases.warehouseBCL_Test" name="clickBCLUpdate" time="2.151"/>
  <testcase classname="com.qe.project.testcases.warehouseBCL_Test" name="BCLSelcetData1" time="0.388"/>
  <testcase classname="com.qe.project.testcases.warehouseBCL_Test" name="parchaseInvoice" time="1.204"/>
  <testcase classname="com.qe.project.testcases.warehouseBCL_Test" name="parchaseUpdate" time="1.379"/>
  <testcase classname="com.qe.project.testcases.warehouseBCL_Test" name="addDataField" time="0.172"/>
  <testcase classname="com.qe.project.testcases.warehouseBCL_Test" name="selectData2" time="0.272"/>
  <testcase classname="com.qe.project.testcases.warehouseBCL_Test" name="damageCertificate" time="0.157"/>
  <testcase classname="com.qe.project.testcases.warehouseBCL_Test" name="damageUpload1" time="7.352"/>
  <testcase classname="com.qe.project.testcases.warehouseBCL_Test" name="submitFirst" time="4.255"/>
  <testcase classname="com.qe.project.testcases.warehouseBCL_Test" name="pendingInformationOK" time="1.163"/>
  <testcase classname="com.qe.project.testcases.warehouseBCL_Test" name="pendingBclTickets" time="0.192"/>
  <testcase classname="com.qe.project.testcases.warehouseBCL_Test" name="selectBclTickets" time="0.379"/>
  <testcase classname="com.qe.project.testcases.warehouseBCL_Test" name="updateBclTickets" time="0.182"/>
  <testcase classname="com.qe.project.testcases.warehouseBCL_Test" name="ticketNoBclTickets" time="1.303"/>
  <testcase classname="com.qe.project.testcases.warehouseBCL_Test" name="ticketDateBclTickets" time="1.211"/>
  <testcase classname="com.qe.project.testcases.warehouseBCL_Test" name="selectCalendorBclTickets" time="1.142"/>
  <testcase classname="com.qe.project.testcases.warehouseBCL_Test" name="calendorOkBclTickets" time="1.127"/>
  <testcase classname="com.qe.project.testcases.warehouseBCL_Test" name="submitBclTickets" time="0.168"/>
  <testcase classname="com.qe.project.testcases.warehouseBCL_Test" name="submitBCLTicketsOkbutton" time="2.071"/>
  <testcase classname="com.qe.project.testcases.warehouseBCL_Test" name="pendingInspection1" time="1.146"/>
  <testcase classname="com.qe.project.testcases.warehouseBCL_Test" name="selectInspection" time="0.204"/>
  <testcase classname="com.qe.project.testcases.warehouseBCL_Test" name="updateInspection" time="1.127"/>
  <testcase classname="com.qe.project.testcases.warehouseBCL_Test" name="brandInspectionDate1" time="1.173"/>
  <testcase classname="com.qe.project.testcases.warehouseBCL_Test" name="brandDatecalendorInpsection" time="1.179"/>
  <testcase classname="com.qe.project.testcases.warehouseBCL_Test" name="brandDateOkInspection" time="2.139"/>
  <testcase classname="com.qe.project.testcases.warehouseBCL_Test" name="brandInspectionReport" time="9.112"/>
  <testcase classname="com.qe.project.testcases.warehouseBCL_Test" name="submitBrandInspection" time="1.131"/>
  <testcase classname="com.qe.project.testcases.warehouseBCL_Test" name="brandInspectionOkbutton" time="1.325"/>
  <testcase classname="com.qe.project.testcases.warehouseBCL_Test" name="pendingDecision" time="2.202"/>
  <testcase classname="com.qe.project.testcases.warehouseBCL_Test" name="selectPendingDecision" time="0.132"/>
  <testcase classname="com.qe.project.testcases.warehouseBCL_Test" name="updatePendingDecision" time="2.123"/>
  <testcase classname="com.qe.project.testcases.warehouseBCL_Test" name="brandDecision" time="1.18"/>
  <testcase classname="com.qe.project.testcases.warehouseBCL_Test" name="brandDecisionRTV" time="0.162"/>
  <testcase classname="com.qe.project.testcases.warehouseBCL_Test" name="brandApprovalReferanceNo" time="1.339"/>
  <testcase classname="com.qe.project.testcases.warehouseBCL_Test" name="brandDecisionCreditNo" time="2.322"/>
  <testcase classname="com.qe.project.testcases.warehouseBCL_Test" name="decisionCreditNoteAmount" time="1.335"/>
  <testcase classname="com.qe.project.testcases.warehouseBCL_Test" name="brandDecisionSubsmit" time="0.109"/>
  <testcase classname="com.qe.project.testcases.warehouseBCL_Test" name="brandDecisionOkbutton" time="2.387"/>
  <testcase classname="com.qe.project.testcases.warehouseBCL_Test" name="clickOnDispositionlinkTest1" time="0.155"/>
  <testcase classname="com.qe.project.testcases.warehouseRTV_Test" name="clickOnRTV" time="4.942"/>
  <testcase classname="com.qe.project.testcases.warehouseRTV_Test" name="clickOnselect" time="0.675"/>
  <testcase classname="com.qe.project.testcases.warehouseRTV_Test" name="clickOnupdate" time="0.197"/>
  <testcase classname="com.qe.project.testcases.warehouseRTV_Test" name="clickOnreturndate" time="1.206"/>
  <testcase classname="com.qe.project.testcases.warehouseRTV_Test" name="clickOnselectdata" time="1.122"/>
  <testcase classname="com.qe.project.testcases.warehouseRTV_Test" name="clickOnOK" time="0.133"/>
  <testcase classname="com.qe.project.testcases.warehouseRTV_Test" name="clickreturnmethod" time="0.162"/>
  <testcase classname="com.qe.project.testcases.warehouseRTV_Test" name="clickOndispatch" time="0.151"/>
  <testcase classname="com.qe.project.testcases.warehouseRTV_Test" name="clickdocumenttype" time="0.151"/>
  <testcase classname="com.qe.project.testcases.warehouseRTV_Test" name="clickInvoice" time="1.219"/>
  <testcase classname="com.qe.project.testcases.warehouseRTV_Test" name="clicksubmit" time="0.243"/>
  <testcase classname="com.qe.project.testcases.warehouseRTV_Test" name="clickSubmitOK" time="50.104">
    <failure type="org.openqa.selenium.NoSuchElementException" message="no such element: Unable to locate element: {&amp;quot;method&amp;quot;:&amp;quot;xpath&amp;quot;,&amp;quot;selector&amp;quot;:&amp;quot;//span[text()=&amp;apos;Ok&amp;apos;]&amp;quot;}
  (Session info: chrome=116.0.5845.180)
For documentation on this error, please visit: https://www.seleniumhq.org/exceptions/no_such_element.html
Build info: version: &amp;apos;3.141.59&amp;apos;, revision: &amp;apos;e82be7d358&amp;apos;, time: &amp;apos;2018-11-14T08:25:53&amp;apos;
System info: host: &amp;apos;DESKTOP-RVJV18D&amp;apos;, ip: &amp;apos;192.168.0.115&amp;apos;, os.name: &amp;apos;Windows 10&amp;apos;, os.arch: &amp;apos;amd64&amp;apos;, os.version: &amp;apos;10.0&amp;apos;, java.version: &amp;apos;19.0.1&amp;apos;
Driver info: org.openqa.selenium.chrome.ChromeDriver
Capabilities {acceptInsecureCerts: false, browserName: chrome, browserVersion: 116.0.5845.180, chrome: {chromedriverVersion: 115.0.5790.102 (90efd4b0ad6..., userDataDir: C:\Users\Blubirch\AppData\L...}, goog:chromeOptions: {debuggerAddress: localhost:61128}, javascriptEnabled: true, networkConnectionEnabled: false, pageLoadStrategy: normal, platform: WINDOWS, platformName: WINDOWS, proxy: Proxy(), setWindowRect: true, strictFileInteractability: false, timeouts: {implicit: 0, pageLoad: 300000, script: 30000}, unhandledPromptBehavior: dismiss and notify, webauthn:extension:credBlob: true, webauthn:extension:largeBlob: true, webauthn:extension:minPinLength: true, webauthn:extension:prf: true, webauthn:virtualAuthenticators: true}
Session ID: 4ad5838214e41aa81bd30aa0f5300179
*** Element info: {Using=xpath, value=//span[text()=&amp;apos;Ok&amp;apos;]}">
      <![CDATA[org.openqa.selenium.NoSuchElementException: no such element: Unable to locate element: {"method":"xpath","selector":"//span[text()='Ok']"}
  (Session info: chrome=116.0.5845.180)
For documentation on this error, please visit: https://www.seleniumhq.org/exceptions/no_such_element.html
Build info: version: '3.141.59', revision: 'e82be7d358', time: '2018-11-14T08:25:53'
System info: host: 'DESKTOP-RVJV18D', ip: '192.168.0.115', os.name: 'Windows 10', os.arch: 'amd64', os.version: '10.0', java.version: '19.0.1'
Driver info: org.openqa.selenium.chrome.ChromeDriver
Capabilities {acceptInsecureCerts: false, browserName: chrome, browserVersion: 116.0.5845.180, chrome: {chromedriverVersion: 115.0.5790.102 (90efd4b0ad6..., userDataDir: C:\Users\Blubirch\AppData\L...}, goog:chromeOptions: {debuggerAddress: localhost:61128}, javascriptEnabled: true, networkConnectionEnabled: false, pageLoadStrategy: normal, platform: WINDOWS, platformName: WINDOWS, proxy: Proxy(), setWindowRect: true, strictFileInteractability: false, timeouts: {implicit: 0, pageLoad: 300000, script: 30000}, unhandledPromptBehavior: dismiss and notify, webauthn:extension:credBlob: true, webauthn:extension:largeBlob: true, webauthn:extension:minPinLength: true, webauthn:extension:prf: true, webauthn:virtualAuthenticators: true}
Session ID: 4ad5838214e41aa81bd30aa0f5300179
*** Element info: {Using=xpath, value=//span[text()='Ok']}
at org.openqa.selenium.remote.http.W3CHttpResponseCodec.createException(W3CHttpResponseCodec.java:187)
at org.openqa.selenium.remote.http.W3CHttpResponseCodec.decode(W3CHttpResponseCodec.java:122)
at org.openqa.selenium.remote.http.W3CHttpResponseCodec.decode(W3CHttpResponseCodec.java:49)
at org.openqa.selenium.remote.HttpCommandExecutor.execute(HttpCommandExecutor.java:158)
at org.openqa.selenium.remote.service.DriverCommandExecutor.execute(DriverCommandExecutor.java:83)
at org.openqa.selenium.remote.RemoteWebDriver.execute(RemoteWebDriver.java:552)
at org.openqa.selenium.remote.RemoteWebDriver.findElement(RemoteWebDriver.java:323)
at org.openqa.selenium.remote.RemoteWebDriver.findElementByXPath(RemoteWebDriver.java:428)
at org.openqa.selenium.By$ByXPath.findElement(By.java:353)
at org.openqa.selenium.remote.RemoteWebDriver.findElement(RemoteWebDriver.java:315)
at org.openqa.selenium.support.pagefactory.DefaultElementLocator.findElement(DefaultElementLocator.java:69)
at org.openqa.selenium.support.pagefactory.internal.LocatingElementHandler.invoke(LocatingElementHandler.java:38)
at jdk.proxy2/jdk.proxy2.$Proxy15.click(Unknown Source)
at com.qe.project.pages.warehouseRTV.submitOkbutton(warehouseRTV.java:236)
at com.qe.project.testcases.warehouseRTV_Test.clickSubmitOK(warehouseRTV_Test.java:152)
at java.base/java.util.ArrayList.forEach(ArrayList.java:1511)
... Removed 28 stack frames]]>
    </failure>
  </testcase> <!-- clickSubmitOK -->
  <testcase classname="com.qe.project.testcases.Logout_InTest" name="logout" time="0.324"/>
  <testcase classname="com.qe.project.testcases.Logout_InTest" name="Logout_Test" time="0.996"/>
</testsuite> <!-- Test -->
